e:\quadapp\models\qtguiapplication1\x64\debug\qtguiapplication1.pch
e:\quadapp\models\qtguiapplication1\x64\debug\vc141.pdb
e:\quadapp\models\qtguiapplication1\x64\debug\stdafx.obj
e:\quadapp\models\qtguiapplication1\x64\debug\gearboxdialog.obj
e:\quadapp\models\qtguiapplication1\x64\debug\nurbstrans.obj
e:\quadapp\models\qtguiapplication1\x64\debug\singlepic.obj
e:\quadapp\models\qtguiapplication1\x64\debug\xiostream.obj
e:\quadapp\models\qtguiapplication1\x64\debug\cnurbs.obj
e:\quadapp\models\qtguiapplication1\x64\debug\quadpart.obj
e:\quadapp\models\qtguiapplication1\x64\debug\globalfunc.obj
e:\quadapp\models\qtguiapplication1\x64\debug\qtguiapplication1.obj
e:\quadapp\models\qtguiapplication1\x64\debug\threadpool.obj
e:\quadapp\models\qtguiapplication1\x64\debug\fittingbspline.obj
e:\quadapp\models\qtguiapplication1\x64\debug\rwgeometric.obj
e:\quadapp\models\qtguiapplication1\x64\debug\xdata.obj
e:\quadapp\models\qtguiapplication1\x64\debug\camera.obj
e:\quadapp\models\qtguiapplication1\x64\debug\main.obj
e:\quadapp\models\qtguiapplication1\x64\debug\featurenetwork.obj
e:\quadapp\models\qtguiapplication1\x64\debug\splinesurface.obj
e:\quadapp\models\qtguiapplication1\x64\debug\fragmentdialog.obj
e:\quadapp\models\qtguiapplication1\x64\debug\modlesettingdialog.obj
e:\quadapp\models\qtguiapplication1\x64\debug\sensitivesettingdialog.obj
e:\quadapp\models\qtguiapplication1\x64\debug\xfunction.obj
e:\quadapp\models\qtguiapplication1\x64\debug\ctoric.obj
e:\quadapp\models\qtguiapplication1\x64\debug\mathutil.obj
e:\quadapp\models\qtguiapplication1\x64\debug\polyiga.obj
e:\quadapp\models\qtguiapplication1\x64\debug\spline.obj
e:\quadapp\models\qtguiapplication1\x64\debug\changefinescaledialog.obj
e:\quadapp\models\qtguiapplication1\x64\debug\meshquality.obj
e:\quadapp\models\qtguiapplication1\x64\debug\reducerdialog.obj
e:\quadapp\models\qtguiapplication1\x64\debug\geardialog.obj
e:\quadapp\models\qtguiapplication1\x64\debug\win.obj
e:\quadapp\models\qtguiapplication1\x64\debug\bearingblockdialog.obj
e:\quadapp\models\qtguiapplication1\x64\debug\option.obj
e:\quadapp\models\qtguiapplication1\x64\debug\splinevolume.obj
e:\quadapp\models\qtguiapplication1\x64\debug\camerlocatondialog.obj
e:\quadapp\models\qtguiapplication1\x64\debug\my3mf.obj
e:\quadapp\models\qtguiapplication1\x64\debug\readfiledialog.obj
e:\quadapp\models\qtguiapplication1\x64\debug\xbasemesh.obj
e:\quadapp\models\qtguiapplication1\x64\debug\fragment.obj
e:\quadapp\models\qtguiapplication1\x64\debug\moc_qtguiapplication1.obj
e:\quadapp\models\qtguiapplication1\x64\debug\moc_geardialog.obj
e:\quadapp\models\qtguiapplication1\x64\debug\moc_win.obj
e:\quadapp\models\qtguiapplication1\x64\debug\qrc_shader.obj
e:\quadapp\models\qtguiapplication1\x64\debug\moc_singlepic.obj
e:\quadapp\models\qtguiapplication1\x64\debug\qrc_image.obj
e:\quadapp\models\qtguiapplication1\x64\debug\moc_modlesettingdialog.obj
e:\quadapp\models\qtguiapplication1\x64\debug\moc_bearingblockdialog.obj
e:\quadapp\models\qtguiapplication1\x64\debug\moc_gearboxdialog.obj
e:\quadapp\models\qtguiapplication1\x64\debug\moc_camerlocatondialog.obj
e:\quadapp\models\qtguiapplication1\x64\debug\moc_sensitivesettingdialog.obj
e:\quadapp\models\qtguiapplication1\x64\debug\moc_changefinescaledialog.obj
e:\quadapp\models\qtguiapplication1\x64\debug\moc_readfiledialog.obj
e:\quadapp\models\qtguiapplication1\x64\debug\moc_fragmentdialog.obj
e:\quadapp\models\qtguiapplication1\x64\debug\moc_reducerdialog.obj
e:\quadapp\models\x64\debug\qtguiapplication1.exe
e:\quadapp\models\x64\debug\qtguiapplication1.ilk
e:\quadapp\models\x64\debug\qtguiapplication1.pdb
e:\quadapp\models\qtguiapplication1\x64\debug\moc\moc_qtguiapplication1.cpp
e:\quadapp\models\qtguiapplication1\x64\debug\moc\moc_win.cpp
e:\quadapp\models\qtguiapplication1\x64\debug\moc\moc_bearingblockdialog.cpp
e:\quadapp\models\qtguiapplication1\x64\debug\moc\moc_geardialog.cpp
e:\quadapp\models\qtguiapplication1\x64\debug\moc\moc_reducerdialog.cpp
e:\quadapp\models\qtguiapplication1\x64\debug\moc\moc_gearboxdialog.cpp
e:\quadapp\models\qtguiapplication1\x64\debug\moc\moc_readfiledialog.cpp
e:\quadapp\models\qtguiapplication1\x64\debug\moc\moc_fragmentdialog.cpp
e:\quadapp\models\qtguiapplication1\x64\debug\moc\moc_changefinescaledialog.cpp
e:\quadapp\models\qtguiapplication1\x64\debug\moc\moc_camerlocatondialog.cpp
e:\quadapp\models\qtguiapplication1\x64\debug\moc\moc_singlepic.cpp
e:\quadapp\models\qtguiapplication1\x64\debug\moc\moc_modlesettingdialog.cpp
e:\quadapp\models\qtguiapplication1\x64\debug\moc\moc_sensitivesettingdialog.cpp
e:\quadapp\models\qtguiapplication1\x64\debug\uic\ui_bearingblockdialog.h
e:\quadapp\models\qtguiapplication1\x64\debug\uic\ui_camerlocatondialog.h
e:\quadapp\models\qtguiapplication1\x64\debug\uic\ui_changefinescaledialog.h
e:\quadapp\models\qtguiapplication1\x64\debug\uic\ui_fragmentdialog.h
e:\quadapp\models\qtguiapplication1\x64\debug\uic\ui_gearboxdialog.h
e:\quadapp\models\qtguiapplication1\x64\debug\uic\ui_geardialog.h
e:\quadapp\models\qtguiapplication1\x64\debug\uic\ui_modlesettingdialog.h
e:\quadapp\models\qtguiapplication1\x64\debug\uic\ui_qtguiapplication1.h
e:\quadapp\models\qtguiapplication1\x64\debug\uic\ui_readfiledialog.h
e:\quadapp\models\qtguiapplication1\x64\debug\uic\ui_reducerdialog.h
e:\quadapp\models\qtguiapplication1\x64\debug\uic\ui_sensitivesettingdialog.h
e:\quadapp\models\qtguiapplication1\x64\debug\uic\ui_singlepic.h
e:\quadapp\models\qtguiapplication1\x64\debug\rcc\qrc_image.cpp
e:\quadapp\models\qtguiapplication1\x64\debug\rcc\qrc_shader.cpp
e:\quadapp\models\qtguiapplication1\x64\debug\qtguiapp.2c4de0c3.tlog\cl.command.1.tlog
e:\quadapp\models\qtguiapplication1\x64\debug\qtguiapp.2c4de0c3.tlog\cl.read.1.tlog
e:\quadapp\models\qtguiapplication1\x64\debug\qtguiapp.2c4de0c3.tlog\cl.write.1.tlog
e:\quadapp\models\qtguiapplication1\x64\debug\qtguiapp.2c4de0c3.tlog\link.command.1.tlog
e:\quadapp\models\qtguiapplication1\x64\debug\qtguiapp.2c4de0c3.tlog\link.read.1.tlog
e:\quadapp\models\qtguiapplication1\x64\debug\qtguiapp.2c4de0c3.tlog\link.write.1.tlog
e:\quadapp\models\qtguiapplication1\x64\debug\qtguiapp.2c4de0c3.tlog\moc.read.1u.tlog
e:\quadapp\models\qtguiapplication1\x64\debug\qtguiapp.2c4de0c3.tlog\moc.write.1u.tlog
e:\quadapp\models\qtguiapplication1\x64\debug\qtguiapp.2c4de0c3.tlog\qtguiapplication1.write.1u.tlog
e:\quadapp\models\qtguiapplication1\x64\debug\qtguiapp.2c4de0c3.tlog\rcc.read.1u.tlog
e:\quadapp\models\qtguiapplication1\x64\debug\qtguiapp.2c4de0c3.tlog\rcc.write.1u.tlog
e:\quadapp\models\qtguiapplication1\x64\debug\qtguiapp.2c4de0c3.tlog\uic.read.1u.tlog
e:\quadapp\models\qtguiapplication1\x64\debug\qtguiapp.2c4de0c3.tlog\uic.write.1u.tlog
